<?xml version="1.0" encoding="UTF-8"?>
<!-- Generated by org.testng.reporters.JUnitReportReporter -->
<testsuite name="com.quanInsti.tests.CoursePage" tests="2" time="5.286" ignored="3" failures="0" timestamp="28 Jul 2020 13:15:58 GMT" skipped="0" hostname="M4708787" errors="0">
  <testcase name="clickOnEnrollNow" time="5.171" classname="com.quanInsti.tests.CoursePage"/>
  <testcase name="getCourseDetails" time="0.115" classname="com.quanInsti.tests.CoursePage"/>
  <testcase name="setUp" classname="com.quantInsti.base.TestBase">
    <skipped/>
  </testcase> <!-- setUp -->
  <testcase name="setUp" classname="com.quantInsti.base.TestBase">
    <skipped/>
  </testcase> <!-- setUp -->
  <testcase name="setUp" classname="com.quantInsti.base.TestBase">
    <skipped/>
  </testcase> <!-- setUp -->
</testsuite> <!-- com.quanInsti.tests.CoursePage -->
