<?xml version="1.0" encoding="UTF-8"?>
<!-- Generated by org.testng.reporters.JUnitReportReporter -->
<testsuite name="com.quanInsti.tests.LoginPage" tests="2" time="34.735" ignored="3" failures="0" timestamp="28 Jul 2020 13:15:58 GMT" skipped="0" hostname="M4708787" errors="0">
  <testcase name="loginAs" time="6.157" classname="com.quanInsti.tests.LoginPage"/>
  <testcase name="selectOptionFromMenu" time="28.578" classname="com.quanInsti.tests.LoginPage"/>
  <testcase name="setUp" classname="com.quantInsti.base.TestBase">
    <skipped/>
  </testcase> <!-- setUp -->
  <testcase name="setUp" classname="com.quantInsti.base.TestBase">
    <skipped/>
  </testcase> <!-- setUp -->
  <testcase name="setUp" classname="com.quantInsti.base.TestBase">
    <skipped/>
  </testcase> <!-- setUp -->
</testsuite> <!-- com.quanInsti.tests.LoginPage -->
