<?xml version="1.0" encoding="UTF-8"?>
<!-- Generated by org.testng.reporters.JUnitReportReporter -->
<testsuite name="com.quanInsti.login.LoginPage" tests="2" time="19.306" ignored="2" failures="0" timestamp="27 Jul 2020 09:54:45 GMT" skipped="0" hostname="M4708787" errors="0">
  <testcase name="selectOptionFromMenu" time="14.718" classname="com.quanInsti.login.LoginPage"/>
  <testcase name="loginAs" time="4.588" classname="com.quanInsti.login.LoginPage"/>
  <testcase name="tearDown" classname="com.quantInsti.base.TestBase">
    <skipped/>
  </testcase> <!-- tearDown -->
  <testcase name="setUp" classname="com.quantInsti.base.TestBase">
    <skipped/>
  </testcase> <!-- setUp -->
</testsuite> <!-- com.quanInsti.login.LoginPage -->
